<?xml version="1.0" encoding="UTF-8"?>
<!-- Generated by org.testng.reporters.JUnitReportReporter -->
<testsuite skipped="0" hostname="sakthi-PC" name="org.test.Task" tests="1" failures="0" timestamp="04 Nov 2022 06:04:32 GMT" time="0.011" errors="0">
  <testcase name="test" time="0.011" classname="org.test.Task"/>
</testsuite> <!-- org.test.Task -->
